<?xml version="1.0" encoding="UTF-8"?>
<!-- Generated by org.testng.reporters.JUnitReportReporter -->
<testsuite hostname="GEMGN-220249" failures="0" tests="1" name="geminisample.appiumTrial.AppTest" time="0.006" errors="0" timestamp="2022-08-24T16:55:02 IST" skipped="0">
  <testcase classname="geminisample.appiumTrial.AppTest" name="shouldAnswerWithTrue" time="0.006"/>
  <system-out/>
</testsuite> <!-- geminisample.appiumTrial.AppTest -->
