<?xml version="1.0" encoding="UTF-8"?>
<!-- Generated by org.testng.reporters.JUnitReportReporter -->
<testsuite hostname="GEMGN-220249" failures="0" tests="1" name="geminisample.appiumTrial.AppTest" time="0.008" errors="0" timestamp="2022-09-07T17:52:45 IST" skipped="0">
  <testcase classname="geminisample.appiumTrial.AppTest" name="shouldAnswerWithTrue" time="0.008"/>
  <system-out/>
</testsuite> <!-- geminisample.appiumTrial.AppTest -->
